05/14/2024 18:31:45 South Africa Standard Time : Information : Local timezone is (UTC+02:00) South Africa Standard Time (Maseru)
05/14/2024 18:31:45 South Africa Standard Time : Information : Microsoft.VisualStudio.ProjectSystem.Query.Remoting.QueryExecutionService read: Content-Length: 688

{"traceparent":"00-9bddd5d4bf45df49b3f586452552343d-0e4c4c5fdb7fcb46-00","jsonrpc":"2.0","id":2,"method":"SubscribeQueryResultsAsync","params":["{\"context\":\"Projects\",\"query\":{\"$properties\":[\"Id\",\"Name\",\"Path\",\"Guid\",\"ActiveConfigurations\"],\"ActiveConfigurations\":{\"$properties\":[\"Id\",\"Name\",\"ConfigurationName\",\"PlatformName\",\"Capabilities\",\"OutputGroups\"],\"OutputGroups\":{\"$properties\":[\"Id\",\"Name\",\"Outputs\"],\"Outputs\":{\"$properties\":[\"Name\",\"FinalOutputPath\",\"IsKeyOutput\"]},\"$filter\":{\"OutputGroupsByName\":[[\"Built\"]]}}},\"$filter\":{\"ProjectsByCapabilities\":[\"TestContainer\"]}}}",{"__jsonrpc_marshaled":1,"handle":0}]}
05/14/2024 18:31:45 South Africa Standard Time : Information : Added local RPC method "ExecuteQueryAsync" -> Microsoft.VisualStudio.ProjectSystem.Server.QueryExecutionServiceFactory+QueryExecutionServiceShim.ExecuteQueryAsync(String, CancellationToken) (Microsoft.VisualStudio.ProjectSystem.Server.QueryExecutionServiceFactory+QueryExecutionServiceShim)
05/14/2024 18:31:45 South Africa Standard Time : Information : Added local RPC method "ExecuteRemoteExecutableAsync" -> Microsoft.VisualStudio.ProjectSystem.Server.QueryExecutionServiceFactory+QueryExecutionServiceShim.ExecuteRemoteExecutableAsync(String, CancellationToken) (Microsoft.VisualStudio.ProjectSystem.Server.QueryExecutionServiceFactory+QueryExecutionServiceShim)
05/14/2024 18:31:45 South Africa Standard Time : Information : Added local RPC method "GetServiceIdentityAsync" -> Microsoft.VisualStudio.ProjectSystem.Server.QueryExecutionServiceFactory+QueryExecutionServiceShim.GetServiceIdentityAsync(CancellationToken) (Microsoft.VisualStudio.ProjectSystem.Server.QueryExecutionServiceFactory+QueryExecutionServiceShim)
05/14/2024 18:31:45 South Africa Standard Time : Information : Added local RPC method "QueryAsync" -> Microsoft.VisualStudio.ProjectSystem.Server.QueryExecutionServiceFactory+QueryExecutionServiceShim.QueryAsync(String, CancellationToken) (Microsoft.VisualStudio.ProjectSystem.Server.QueryExecutionServiceFactory+QueryExecutionServiceShim)
05/14/2024 18:31:45 South Africa Standard Time : Information : Added local RPC method "SubscribeQueryResultsAsync" -> Microsoft.VisualStudio.ProjectSystem.Server.QueryExecutionServiceFactory+QueryExecutionServiceShim.SubscribeQueryResultsAsync(String, IObserver`1, CancellationToken) (Microsoft.VisualStudio.ProjectSystem.Server.QueryExecutionServiceFactory+QueryExecutionServiceShim)
05/14/2024 18:31:45 South Africa Standard Time : Information : Added local RPC method "TrackQueryUpdatesAsync" -> Microsoft.VisualStudio.ProjectSystem.Server.QueryExecutionServiceFactory+QueryExecutionServiceShim.TrackQueryUpdatesAsync(String, IObserver`1, CancellationToken) (Microsoft.VisualStudio.ProjectSystem.Server.QueryExecutionServiceFactory+QueryExecutionServiceShim)
05/14/2024 18:31:45 South Africa Standard Time : Information : Added local RPC method "Dispose" -> Microsoft.VisualStudio.ProjectSystem.OnceInitializedOnceDisposedAsync.Dispose() (Microsoft.VisualStudio.ProjectSystem.Server.QueryExecutionServiceFactory+QueryExecutionServiceShim)
05/14/2024 18:31:45 South Africa Standard Time : Information : Added local RPC method "DisposeAsync" -> Microsoft.VisualStudio.ProjectSystem.OnceInitializedOnceDisposedAsync.DisposeAsync() (Microsoft.VisualStudio.ProjectSystem.Server.QueryExecutionServiceFactory+QueryExecutionServiceShim)
05/14/2024 18:31:45 South Africa Standard Time : Information : Added local RPC method "ExecuteQuery" -> Microsoft.VisualStudio.ProjectSystem.Server.QueryExecutionServiceFactory+QueryExecutionServiceShim.ExecuteQueryAsync(String, CancellationToken) (Microsoft.VisualStudio.ProjectSystem.Server.QueryExecutionServiceFactory+QueryExecutionServiceShim)
05/14/2024 18:31:45 South Africa Standard Time : Information : Added local RPC method "ExecuteRemoteExecutable" -> Microsoft.VisualStudio.ProjectSystem.Server.QueryExecutionServiceFactory+QueryExecutionServiceShim.ExecuteRemoteExecutableAsync(String, CancellationToken) (Microsoft.VisualStudio.ProjectSystem.Server.QueryExecutionServiceFactory+QueryExecutionServiceShim)
05/14/2024 18:31:45 South Africa Standard Time : Information : Added local RPC method "GetServiceIdentity" -> Microsoft.VisualStudio.ProjectSystem.Server.QueryExecutionServiceFactory+QueryExecutionServiceShim.GetServiceIdentityAsync(CancellationToken) (Microsoft.VisualStudio.ProjectSystem.Server.QueryExecutionServiceFactory+QueryExecutionServiceShim)
05/14/2024 18:31:45 South Africa Standard Time : Information : Added local RPC method "Query" -> Microsoft.VisualStudio.ProjectSystem.Server.QueryExecutionServiceFactory+QueryExecutionServiceShim.QueryAsync(String, CancellationToken) (Microsoft.VisualStudio.ProjectSystem.Server.QueryExecutionServiceFactory+QueryExecutionServiceShim)
05/14/2024 18:31:45 South Africa Standard Time : Information : Added local RPC method "SubscribeQueryResults" -> Microsoft.VisualStudio.ProjectSystem.Server.QueryExecutionServiceFactory+QueryExecutionServiceShim.SubscribeQueryResultsAsync(String, IObserver`1, CancellationToken) (Microsoft.VisualStudio.ProjectSystem.Server.QueryExecutionServiceFactory+QueryExecutionServiceShim)
05/14/2024 18:31:45 South Africa Standard Time : Information : Added local RPC method "TrackQueryUpdates" -> Microsoft.VisualStudio.ProjectSystem.Server.QueryExecutionServiceFactory+QueryExecutionServiceShim.TrackQueryUpdatesAsync(String, IObserver`1, CancellationToken) (Microsoft.VisualStudio.ProjectSystem.Server.QueryExecutionServiceFactory+QueryExecutionServiceShim)
05/14/2024 18:31:45 South Africa Standard Time: Information : 3 :Listening started.
05/14/2024 18:31:45 South Africa Standard Time: Information : 7 :{"id":2,"method":"SubscribeQueryResultsAsync"}
05/14/2024 18:31:45 South Africa Standard Time: Information : 6 :Received request "2" for method "SubscribeQueryResultsAsync".
05/14/2024 18:31:45 South Africa Standard Time: Information : 9 :Invoking Microsoft.VisualStudio.ProjectSystem.Server.QueryExecutionServiceFactory+QueryExecutionServiceShim.SubscribeQueryResultsAsync(String, IObserver`1, CancellationToken)
05/14/2024 18:31:45 South Africa Standard Time : Transfer : Transfer, relatedActivityId=98b89e94-6973-4406-8749-2dd765afc8a4
05/14/2024 18:31:45 South Africa Standard Time : Start : SubscribeQueryResultsAsync
05/14/2024 18:31:46 South Africa Standard Time : Stop : SubscribeQueryResultsAsync
05/14/2024 18:31:46 South Africa Standard Time : Transfer : Transfer, relatedActivityId=d4d5dd9b-45bf-49df-b3f5-86452552343d
05/14/2024 18:31:46 South Africa Standard Time : Information : Added local RPC method "$/invokeProxy/0/dispose" -> System.IDisposable.Dispose() (Microsoft.VisualStudio.ProjectSystem.AsyncSubscribe`1[System.String])
05/14/2024 18:31:46 South Africa Standard Time: Information : 8 :{"id":2}
05/14/2024 18:31:46 South Africa Standard Time : Information : Microsoft.VisualStudio.ProjectSystem.Query.Remoting.QueryExecutionService write: Content-Length: 70

{"jsonrpc":"2.0","id":2,"result":{"__jsonrpc_marshaled":1,"handle":0}}
05/14/2024 18:31:58 South Africa Standard Time: Information : 8 :{"id":null,"method":"$/invokeProxy/0/onNext"}
05/14/2024 18:31:58 South Africa Standard Time : Information : Microsoft.VisualStudio.ProjectSystem.Query.Remoting.QueryExecutionService write: Content-Length: 269

{"traceparent":"00-949eb8987369064487492dd765afc8a4-2b84b8dc930a3c46-01","jsonrpc":"2.0","method":"$/invokeProxy/0/onNext","params":["{\"Versions\":{\"ProjectsStateUpdates:Version\":0,\"Workspace:Version\":1,\"CpsProject:0:TestProject.Debug|AnyCPU\":1},\"Items\":[]}"]}
05/14/2024 18:33:07 South Africa Standard Time : Information : Microsoft.VisualStudio.ProjectSystem.Query.Remoting.QueryExecutionService read: Content-Length: 64

{"jsonrpc":"2.0","method":"$/invokeProxy/0/dispose","params":[]}Content-Length: 97

{"jsonrpc":"2.0","method":"$/releaseMarshaledObject","params":{"handle":0,"ownedBySender":false}}
05/14/2024 18:33:07 South Africa Standard Time: Information : 7 :{"id":null,"method":"$/invokeProxy/0/dispose"}
05/14/2024 18:33:07 South Africa Standard Time: Information : 6 :Received notification for method "$/invokeProxy/0/dispose".
05/14/2024 18:33:07 South Africa Standard Time: Information : 9 :Invoking System.IDisposable.Dispose()
05/14/2024 18:33:07 South Africa Standard Time : Start : $/invokeProxy/0/dispose
05/14/2024 18:33:07 South Africa Standard Time: Information : 7 :{"id":null,"method":"$/releaseMarshaledObject"}
05/14/2024 18:33:07 South Africa Standard Time: Information : 6 :Received notification for method "$/releaseMarshaledObject".
05/14/2024 18:33:07 South Africa Standard Time: Information : 9 :Invoking StreamJsonRpc.Reflection.MessageFormatterRpcMarshaledContextTracker.ReleaseMarshaledObject(Int64, Boolean)
05/14/2024 18:33:07 South Africa Standard Time : Start : $/releaseMarshaledObject
05/14/2024 18:33:07 South Africa Standard Time : Stop : $/invokeProxy/0/dispose
05/14/2024 18:33:07 South Africa Standard Time : Stop : $/releaseMarshaledObject
05/14/2024 18:33:07 South Africa Standard Time : Information : Waiting for 'Microsoft.VisualStudio.ProjectSystem.Query.Remoting.QueryExecutionService' instance to complete its completionTask.
05/14/2024 18:33:07 South Africa Standard Time : Information : Microsoft.VisualStudio.ProjectSystem.Query.Remoting.QueryExecutionService read: end of stream
05/14/2024 18:33:07 South Africa Standard Time: Information : 13 :Connection closing (RemotePartyTerminated: Reached end of stream.). 
05/14/2024 18:33:07 South Africa Standard Time : Information : Disposed 'Microsoft.VisualStudio.ProjectSystem.Query.Remoting.QueryExecutionService' via 'completionTask' method.
05/14/2024 18:33:07 South Africa Standard Time : Information : Finishing shutting down service: Microsoft.VisualStudio.ProjectSystem.Query.Remoting.QueryExecutionService.
