05/13/2024 14:38:23 South Africa Standard Time : Information : Local timezone is (UTC+02:00) South Africa Standard Time (Maseru)
05/13/2024 14:38:23 South Africa Standard Time : Information : Added local RPC method "getPipe" -> Microsoft.VisualStudio.Utilities.ServiceBroker.GlobalBrokeredServiceContainer+View.GetPipeAsync(ServiceMoniker, ServiceActivationOptions, CancellationToken) (Microsoft.VisualStudio.Utilities.ServiceBroker.GlobalBrokeredServiceContainer+View)
05/13/2024 14:38:23 South Africa Standard Time : Information : Added local RPC method "getProxy" -> Microsoft.VisualStudio.Utilities.ServiceBroker.GlobalBrokeredServiceContainer+View.GetProxyAsync(ServiceRpcDescriptor, ServiceActivationOptions, CancellationToken) (Microsoft.VisualStudio.Utilities.ServiceBroker.GlobalBrokeredServiceContainer+View)
05/13/2024 14:38:23 South Africa Standard Time : Information : Added local RPC method "handshake" -> Microsoft.VisualStudio.Utilities.ServiceBroker.GlobalBrokeredServiceContainer+View.HandshakeAsync(ServiceBrokerClientMetadata, CancellationToken) (Microsoft.VisualStudio.Utilities.ServiceBroker.GlobalBrokeredServiceContainer+View)
05/13/2024 14:38:23 South Africa Standard Time : Information : Added local RPC method "requestServiceChannel" -> Microsoft.VisualStudio.Utilities.ServiceBroker.GlobalBrokeredServiceContainer+View.RequestServiceChannelAsync(ServiceMoniker, ServiceActivationOptions, CancellationToken) (Microsoft.VisualStudio.Utilities.ServiceBroker.GlobalBrokeredServiceContainer+View)
05/13/2024 14:38:23 South Africa Standard Time : Information : Added local RPC method "cancelServiceRequest" -> Microsoft.VisualStudio.Utilities.ServiceBroker.GlobalBrokeredServiceContainer+View.CancelServiceRequestAsync(Guid) (Microsoft.VisualStudio.Utilities.ServiceBroker.GlobalBrokeredServiceContainer+View)
05/13/2024 14:38:23 South Africa Standard Time : Information : Added local RPC method "getPipe" -> Microsoft.VisualStudio.Utilities.ServiceBroker.GlobalBrokeredServiceContainer+View.GetPipeAsync(ServiceMoniker, ServiceActivationOptions, CancellationToken) (Microsoft.VisualStudio.Utilities.ServiceBroker.GlobalBrokeredServiceContainer+View)
05/13/2024 14:38:23 South Africa Standard Time : Information : Added local RPC method "getProxy" -> Microsoft.VisualStudio.Utilities.ServiceBroker.GlobalBrokeredServiceContainer+View.GetProxyAsync(ServiceRpcDescriptor, ServiceActivationOptions, CancellationToken) (Microsoft.VisualStudio.Utilities.ServiceBroker.GlobalBrokeredServiceContainer+View)
05/13/2024 14:38:23 South Africa Standard Time : Information : Added local RPC method "handshake" -> Microsoft.VisualStudio.Utilities.ServiceBroker.GlobalBrokeredServiceContainer+View.HandshakeAsync(ServiceBrokerClientMetadata, CancellationToken) (Microsoft.VisualStudio.Utilities.ServiceBroker.GlobalBrokeredServiceContainer+View)
05/13/2024 14:38:23 South Africa Standard Time : Information : Added local RPC method "requestServiceChannel" -> Microsoft.VisualStudio.Utilities.ServiceBroker.GlobalBrokeredServiceContainer+View.RequestServiceChannelAsync(ServiceMoniker, ServiceActivationOptions, CancellationToken) (Microsoft.VisualStudio.Utilities.ServiceBroker.GlobalBrokeredServiceContainer+View)
05/13/2024 14:38:23 South Africa Standard Time : Information : Added local RPC method "cancelServiceRequest" -> Microsoft.VisualStudio.Utilities.ServiceBroker.GlobalBrokeredServiceContainer+View.CancelServiceRequestAsync(Guid) (Microsoft.VisualStudio.Utilities.ServiceBroker.GlobalBrokeredServiceContainer+View)
05/13/2024 14:38:23 South Africa Standard Time: Information : 2 :Listening for events from Microsoft.VisualStudio.Utilities.ServiceBroker.GlobalBrokeredServiceContainer+View.AvailabilityChanged to raise notification.
05/13/2024 14:38:23 South Africa Standard Time: Information : 3 :Listening started.
05/13/2024 14:38:23 South Africa Standard Time: Information : 7 :{"id":2,"method":"handshake"}
05/13/2024 14:38:23 South Africa Standard Time: Information : 6 :Received request "2" for method "handshake".
05/13/2024 14:38:23 South Africa Standard Time: Information : 9 :Invoking Microsoft.VisualStudio.Utilities.ServiceBroker.GlobalBrokeredServiceContainer+View.HandshakeAsync(ServiceBrokerClientMetadata, CancellationToken)
05/13/2024 14:38:23 South Africa Standard Time : Start : handshake
05/13/2024 14:38:23 South Africa Standard Time : Stop : handshake
05/13/2024 14:38:23 South Africa Standard Time: Information : 8 :{"id":2}
05/13/2024 14:38:24 South Africa Standard Time: Information : 7 :{"id":3,"method":"requestServiceChannel"}
05/13/2024 14:38:24 South Africa Standard Time: Information : 6 :Received request "3" for method "requestServiceChannel".
05/13/2024 14:38:24 South Africa Standard Time: Information : 9 :Invoking Microsoft.VisualStudio.Utilities.ServiceBroker.GlobalBrokeredServiceContainer+View.RequestServiceChannelAsync(ServiceMoniker, ServiceActivationOptions, CancellationToken)
05/13/2024 14:38:24 South Africa Standard Time : Start : requestServiceChannel
05/13/2024 14:38:24 South Africa Standard Time : Stop : requestServiceChannel
05/13/2024 14:38:24 South Africa Standard Time: Information : 8 :{"id":3}
05/13/2024 14:38:24 South Africa Standard Time: Information : 7 :{"id":4,"method":"requestServiceChannel"}
05/13/2024 14:38:24 South Africa Standard Time: Information : 6 :Received request "4" for method "requestServiceChannel".
05/13/2024 14:38:24 South Africa Standard Time: Information : 9 :Invoking Microsoft.VisualStudio.Utilities.ServiceBroker.GlobalBrokeredServiceContainer+View.RequestServiceChannelAsync(ServiceMoniker, ServiceActivationOptions, CancellationToken)
05/13/2024 14:38:24 South Africa Standard Time : Start : requestServiceChannel
05/13/2024 14:38:24 South Africa Standard Time: Information : 7 :{"id":5,"method":"requestServiceChannel"}
05/13/2024 14:38:24 South Africa Standard Time: Information : 6 :Received request "5" for method "requestServiceChannel".
05/13/2024 14:38:24 South Africa Standard Time: Information : 9 :Invoking Microsoft.VisualStudio.Utilities.ServiceBroker.GlobalBrokeredServiceContainer+View.RequestServiceChannelAsync(ServiceMoniker, ServiceActivationOptions, CancellationToken)
05/13/2024 14:38:24 South Africa Standard Time : Start : requestServiceChannel
05/13/2024 14:38:24 South Africa Standard Time : Stop : requestServiceChannel
05/13/2024 14:38:24 South Africa Standard Time: Information : 8 :{"id":4}
05/13/2024 14:38:24 South Africa Standard Time : Stop : requestServiceChannel
05/13/2024 14:38:24 South Africa Standard Time: Information : 8 :{"id":5}
05/13/2024 14:38:32 South Africa Standard Time: Information : 7 :{"id":6,"method":"requestServiceChannel"}
05/13/2024 14:38:32 South Africa Standard Time: Information : 6 :Received request "6" for method "requestServiceChannel".
05/13/2024 14:38:32 South Africa Standard Time: Information : 9 :Invoking Microsoft.VisualStudio.Utilities.ServiceBroker.GlobalBrokeredServiceContainer+View.RequestServiceChannelAsync(ServiceMoniker, ServiceActivationOptions, CancellationToken)
05/13/2024 14:38:32 South Africa Standard Time : Start : requestServiceChannel
05/13/2024 14:38:32 South Africa Standard Time : Stop : requestServiceChannel
05/13/2024 14:38:32 South Africa Standard Time: Information : 8 :{"id":6}
05/13/2024 14:38:32 South Africa Standard Time: Information : 7 :{"id":7,"method":"requestServiceChannel"}
05/13/2024 14:38:32 South Africa Standard Time: Information : 6 :Received request "7" for method "requestServiceChannel".
05/13/2024 14:38:32 South Africa Standard Time: Information : 9 :Invoking Microsoft.VisualStudio.Utilities.ServiceBroker.GlobalBrokeredServiceContainer+View.RequestServiceChannelAsync(ServiceMoniker, ServiceActivationOptions, CancellationToken)
05/13/2024 14:38:32 South Africa Standard Time : Start : requestServiceChannel
05/13/2024 14:38:32 South Africa Standard Time : Stop : requestServiceChannel
05/13/2024 14:38:32 South Africa Standard Time: Information : 8 :{"id":7}
05/13/2024 14:38:36 South Africa Standard Time: Information : 7 :{"id":8,"method":"requestServiceChannel"}
05/13/2024 14:38:36 South Africa Standard Time: Information : 6 :Received request "8" for method "requestServiceChannel".
05/13/2024 14:38:36 South Africa Standard Time: Information : 9 :Invoking Microsoft.VisualStudio.Utilities.ServiceBroker.GlobalBrokeredServiceContainer+View.RequestServiceChannelAsync(ServiceMoniker, ServiceActivationOptions, CancellationToken)
05/13/2024 14:38:36 South Africa Standard Time : Start : requestServiceChannel
05/13/2024 14:38:36 South Africa Standard Time : Stop : requestServiceChannel
05/13/2024 14:38:36 South Africa Standard Time: Information : 8 :{"id":8}
05/13/2024 14:38:36 South Africa Standard Time: Information : 7 :{"id":9,"method":"requestServiceChannel"}
05/13/2024 14:38:36 South Africa Standard Time: Information : 6 :Received request "9" for method "requestServiceChannel".
05/13/2024 14:38:36 South Africa Standard Time: Information : 9 :Invoking Microsoft.VisualStudio.Utilities.ServiceBroker.GlobalBrokeredServiceContainer+View.RequestServiceChannelAsync(ServiceMoniker, ServiceActivationOptions, CancellationToken)
05/13/2024 14:38:36 South Africa Standard Time : Start : requestServiceChannel
05/13/2024 14:38:37 South Africa Standard Time : Stop : requestServiceChannel
05/13/2024 14:38:37 South Africa Standard Time: Information : 8 :{"id":9}
05/13/2024 14:38:44 South Africa Standard Time: Information : 7 :{"id":10,"method":"requestServiceChannel"}
05/13/2024 14:38:44 South Africa Standard Time: Information : 6 :Received request "10" for method "requestServiceChannel".
05/13/2024 14:38:44 South Africa Standard Time: Information : 9 :Invoking Microsoft.VisualStudio.Utilities.ServiceBroker.GlobalBrokeredServiceContainer+View.RequestServiceChannelAsync(ServiceMoniker, ServiceActivationOptions, CancellationToken)
05/13/2024 14:38:44 South Africa Standard Time : Start : requestServiceChannel
05/13/2024 14:38:44 South Africa Standard Time : Stop : requestServiceChannel
05/13/2024 14:38:44 South Africa Standard Time: Information : 8 :{"id":10}
05/13/2024 14:38:46 South Africa Standard Time: Information : 7 :{"id":11,"method":"requestServiceChannel"}
05/13/2024 14:38:46 South Africa Standard Time: Information : 6 :Received request "11" for method "requestServiceChannel".
05/13/2024 14:38:46 South Africa Standard Time: Information : 9 :Invoking Microsoft.VisualStudio.Utilities.ServiceBroker.GlobalBrokeredServiceContainer+View.RequestServiceChannelAsync(ServiceMoniker, ServiceActivationOptions, CancellationToken)
05/13/2024 14:38:46 South Africa Standard Time : Start : requestServiceChannel
05/13/2024 14:38:46 South Africa Standard Time : Stop : requestServiceChannel
05/13/2024 14:38:46 South Africa Standard Time: Information : 8 :{"id":11}
